2020-11-11 12:03:38,922 [http-nio-8081-exec-7] INFO  com.cybage.servlet.AdminServlet - Getting all managers...
2020-11-11 12:03:40,987 [http-nio-8081-exec-8] INFO  com.cybage.servlet.AdminServlet - Getting all sports...
2020-11-11 12:57:44,458 [http-nio-8081-exec-6] INFO  com.cybage.servlet.AdminServlet - Getting all managers...
2020-11-11 12:58:08,825 [http-nio-8081-exec-1] INFO  com.cybage.servlet.AdminServlet - post method called
2020-11-11 12:58:08,952 [http-nio-8081-exec-1] INFO  com.cybage.servlet.AdminServlet - adding Manager : ketan
2020-11-11 12:58:09,060 [http-nio-8081-exec-2] INFO  com.cybage.servlet.AdminServlet - Getting all managers...
2020-11-11 12:58:13,342 [http-nio-8081-exec-3] INFO  com.cybage.servlet.AdminServlet - manager deleted
2020-11-11 12:58:13,451 [http-nio-8081-exec-4] INFO  com.cybage.servlet.AdminServlet - Getting all managers...
2020-11-11 12:58:18,191 [http-nio-8081-exec-5] INFO  com.cybage.servlet.AdminServlet - manager called for updation
2020-11-11 12:58:27,599 [http-nio-8081-exec-6] INFO  com.cybage.servlet.AdminServlet - post method called
2020-11-11 12:58:27,689 [http-nio-8081-exec-6] INFO  com.cybage.servlet.AdminServlet - manager updated
2020-11-11 12:58:27,772 [http-nio-8081-exec-7] INFO  com.cybage.servlet.AdminServlet - Getting all managers...
2020-11-11 12:58:41,430 [http-nio-8081-exec-9] INFO  com.cybage.servlet.AdminServlet - manager called for updation
2020-11-11 12:59:00,922 [http-nio-8081-exec-10] INFO  com.cybage.servlet.AdminServlet - post method called
2020-11-11 12:59:01,049 [http-nio-8081-exec-10] INFO  com.cybage.servlet.AdminServlet - manager updated
2020-11-11 12:59:01,137 [http-nio-8081-exec-1] INFO  com.cybage.servlet.AdminServlet - Getting all managers...
2020-11-11 12:59:10,174 [http-nio-8081-exec-3] INFO  com.cybage.servlet.AdminServlet - manager called for updation
2020-11-11 12:59:19,500 [http-nio-8081-exec-4] INFO  com.cybage.servlet.AdminServlet - post method called
2020-11-11 12:59:19,627 [http-nio-8081-exec-4] INFO  com.cybage.servlet.AdminServlet - manager updated
2020-11-11 12:59:19,727 [http-nio-8081-exec-5] INFO  com.cybage.servlet.AdminServlet - Getting all managers...
2020-11-11 13:02:29,647 [http-nio-8081-exec-9] INFO  com.cybage.servlet.AdminServlet - Getting all managers...
2020-11-11 13:02:37,343 [http-nio-8081-exec-10] INFO  com.cybage.servlet.AdminServlet - manager called for updation
2020-11-11 13:03:59,460 [http-nio-8081-exec-3] INFO  com.cybage.servlet.AdminServlet - Getting all managers...
2020-11-11 13:04:08,396 [http-nio-8081-exec-6] INFO  com.cybage.servlet.AdminServlet - manager called for updation
2020-11-11 13:04:14,519 [http-nio-8081-exec-7] INFO  com.cybage.servlet.AdminServlet - post method called
2020-11-11 13:04:14,609 [http-nio-8081-exec-7] INFO  com.cybage.servlet.AdminServlet - manager updated
2020-11-11 13:04:14,707 [http-nio-8081-exec-8] INFO  com.cybage.servlet.AdminServlet - Getting all managers...
2020-11-11 13:04:20,017 [http-nio-8081-exec-2] INFO  com.cybage.servlet.AdminServlet - manager called for updation
2020-11-11 13:04:23,164 [http-nio-8081-exec-5] INFO  com.cybage.servlet.AdminServlet - post method called
2020-11-11 13:04:23,255 [http-nio-8081-exec-5] INFO  com.cybage.servlet.AdminServlet - manager updated
2020-11-11 13:04:23,346 [http-nio-8081-exec-10] INFO  com.cybage.servlet.AdminServlet - Getting all managers...
2020-11-11 13:05:33,251 [http-nio-8081-exec-3] INFO  com.cybage.servlet.AdminServlet - Getting all managers...
2020-11-11 13:05:35,122 [http-nio-8081-exec-6] INFO  com.cybage.servlet.AdminServlet - manager called for updation
2020-11-11 13:05:44,307 [http-nio-8081-exec-7] INFO  com.cybage.servlet.AdminServlet - manager called for updation
2020-11-11 13:05:45,611 [http-nio-8081-exec-8] INFO  com.cybage.servlet.AdminServlet - post method called
2020-11-11 13:05:45,675 [http-nio-8081-exec-8] INFO  com.cybage.servlet.AdminServlet - manager updated
2020-11-11 13:05:45,744 [http-nio-8081-exec-9] INFO  com.cybage.servlet.AdminServlet - Getting all managers...
2020-11-11 13:05:52,446 [http-nio-8081-exec-2] INFO  com.cybage.servlet.AdminServlet - manager called for updation
2020-11-11 13:05:53,799 [http-nio-8081-exec-10] INFO  com.cybage.servlet.AdminServlet - post method called
2020-11-11 13:05:53,927 [http-nio-8081-exec-10] INFO  com.cybage.servlet.AdminServlet - manager updated
2020-11-11 13:05:54,027 [http-nio-8081-exec-4] INFO  com.cybage.servlet.AdminServlet - Getting all managers...
2020-11-11 13:05:58,366 [http-nio-8081-exec-1] INFO  com.cybage.servlet.AdminServlet - manager called for updation
2020-11-11 13:06:02,445 [http-nio-8081-exec-3] INFO  com.cybage.servlet.AdminServlet - post method called
2020-11-11 13:06:02,576 [http-nio-8081-exec-3] INFO  com.cybage.servlet.AdminServlet - manager updated
2020-11-11 13:06:02,667 [http-nio-8081-exec-6] INFO  com.cybage.servlet.AdminServlet - Getting all managers...
2020-11-11 13:06:25,753 [http-nio-8081-exec-9] INFO  com.cybage.servlet.AdminServlet - manager called for updation
2020-11-11 13:08:56,006 [http-nio-8081-exec-3] INFO  com.cybage.servlet.AdminServlet - post method called
2020-11-11 13:08:56,130 [http-nio-8081-exec-3] INFO  com.cybage.servlet.AdminServlet - adding Manager : anand
2020-11-11 13:08:56,258 [http-nio-8081-exec-6] INFO  com.cybage.servlet.AdminServlet - Getting all managers...
2020-11-11 13:09:55,548 [http-nio-8081-exec-10] INFO  com.cybage.servlet.AdminServlet - Getting all managers...
2020-11-11 13:10:13,188 [http-nio-8081-exec-7] INFO  com.cybage.servlet.AdminServlet - Getting all sports...
2020-11-11 13:10:23,098 [http-nio-8081-exec-2] INFO  com.cybage.servlet.AdminServlet - post method called
2020-11-11 13:10:23,240 [http-nio-8081-exec-2] INFO  com.cybage.servlet.AdminServlet - adding S : 0
2020-11-11 13:10:23,366 [http-nio-8081-exec-5] INFO  com.cybage.servlet.AdminServlet - Getting all sports...
2020-11-11 13:10:27,669 [http-nio-8081-exec-10] INFO  com.cybage.servlet.AdminServlet - Sport deleted
2020-11-11 13:10:27,777 [http-nio-8081-exec-4] INFO  com.cybage.servlet.AdminServlet - Getting all sports...
